<?xml version="1.0" encoding="UTF-8"?>
<!-- Generated by org.testng.reporters.JUnitReportReporter -->
<testsuite hostname="MindSDET459" failures="0" tests="10" name="runner.WebApp" time="142.108" errors="0" timestamp="2022-01-24T23:39:14 GMT+05:30" skipped="0">
  <testcase classname="runner.WebApp" name="LocalPage" time="29.053"/>
  <system-out/>
  <testcase classname="runner.WebApp" name="HomePage" time="4.810"/>
  <system-out/>
  <testcase classname="runner.WebApp" name="SignUp" time="8.552"/>
  <system-out/>
  <testcase classname="runner.WebApp" name="HomepageLogin" time="8.436"/>
  <system-out/>
  <testcase classname="runner.WebApp" name="AboutPage" time="6.246"/>
  <system-out/>
  <testcase classname="runner.WebApp" name="ContactPage" time="5.953"/>
  <system-out/>
  <testcase classname="runner.WebApp" name="OnewayPage" time="19.910"/>
  <system-out/>
  <testcase classname="runner.WebApp" name="OutstationPage" time="22.150"/>
  <system-out/>
  <testcase classname="runner.WebApp" name="AirportPage" time="24.202"/>
  <system-out/>
  <testcase classname="runner.WebApp" name="CorporatePage" time="12.796"/>
  <system-out/>
</testsuite> <!-- runner.WebApp -->
